<?xml version="1.0" encoding="UTF-8"?>
<testng-results ignored="0" total="1" passed="1" failed="0" skipped="0">
  <reporter-output>
  </reporter-output>
  <suite started-at="2024-04-20T16:46:37Z" name="Default suite" finished-at="2024-04-20T16:46:46Z" duration-ms="9976">
    <groups>
    </groups>
    <test started-at="2024-04-20T16:46:37Z" name="Default test" finished-at="2024-04-20T16:46:46Z" duration-ms="9976">
      <class name="pruebabang.SetTest">
        <test-method signature="test01()[pri:0, instance:pruebabang.SetTest@1c5920df]" started-at="2024-04-20T11:46:37Z" name="test01" finished-at="2024-04-20T11:46:46Z" duration-ms="9894" status="PASS">
          <reporter-output>
          </reporter-output>
        </test-method> <!-- test01 -->
      </class> <!-- pruebabang.SetTest -->
    </test> <!-- Default test -->
  </suite> <!-- Default suite -->
</testng-results>
